<?xml version="1.0" encoding="UTF-8"?>
<testng-results skipped="0" failed="0" ignored="0" total="1" passed="1">
  <reporter-output>
  </reporter-output>
  <suite name="Insight" duration-ms="19834" started-at="2018-06-13T13:17:30Z" finished-at="2018-06-13T13:17:50Z">
    <groups>
    </groups>
    <test name="MailRu" duration-ms="19834" started-at="2018-06-13T13:17:30Z" finished-at="2018-06-13T13:17:50Z">
      <class name="TutByTest">
        <test-method status="PASS" signature="send()[pri:0, instance:TutByTest@5e600dd5]" name="send" duration-ms="19816" started-at="2018-06-13T16:17:30Z" finished-at="2018-06-13T16:17:50Z">
          <reporter-output>
          </reporter-output>
        </test-method> <!-- send -->
      </class> <!-- TutByTest -->
    </test> <!-- MailRu -->
  </suite> <!-- Insight -->
</testng-results>
